<?xml version="1.0" encoding="UTF-8"?>
<testsuite name="OpticalCharacterReaderTest" tests="17" skipped="0" failures="0" errors="0" timestamp="2018-08-08T13:15:06" hostname="MacBook-Pro-7.lan" time="0.013">
  <properties/>
  <testcase name="testReaderRecognizesAndCorrectlyFormatsMultiRowInput" classname="OpticalCharacterReaderTest" time="0.002"/>
  <testcase name="testReaderReturnsQuestionMarkForUnreadableButCorrectlySizedInput" classname="OpticalCharacterReaderTest" time="0.0"/>
  <testcase name="testReaderThrowsExceptionWhenNumberOfInputColumnsIsNotAMultipleOf3" classname="OpticalCharacterReaderTest" time="0.004"/>
  <testcase name="testReaderRecognizesBinarySequence110101100" classname="OpticalCharacterReaderTest" time="0.001"/>
  <testcase name="testReaderRecognizesSingle0" classname="OpticalCharacterReaderTest" time="0.0"/>
  <testcase name="testReaderRecognizesSingle1" classname="OpticalCharacterReaderTest" time="0.001"/>
  <testcase name="testReaderRecognizesSingle2" classname="OpticalCharacterReaderTest" time="0.0"/>
  <testcase name="testReaderRecognizesSingle3" classname="OpticalCharacterReaderTest" time="0.001"/>
  <testcase name="testReaderRecognizesSingle4" classname="OpticalCharacterReaderTest" time="0.0"/>
  <testcase name="testReaderRecognizesSingle5" classname="OpticalCharacterReaderTest" time="0.0"/>
  <testcase name="testReaderRecognizesSingle6" classname="OpticalCharacterReaderTest" time="0.0"/>
  <testcase name="testReaderRecognizesSingle7" classname="OpticalCharacterReaderTest" time="0.0"/>
  <testcase name="testReaderRecognizesSingle8" classname="OpticalCharacterReaderTest" time="0.0"/>
  <testcase name="testReaderRecognizesSingle9" classname="OpticalCharacterReaderTest" time="0.0"/>
  <testcase name="testReaderReplacesUnreadableDigitsWithQuestionMarksWithinSequence" classname="OpticalCharacterReaderTest" time="0.0"/>
  <testcase name="testReaderRecognizesSequence1234567890" classname="OpticalCharacterReaderTest" time="0.001"/>
  <testcase name="testReaderThrowsExceptionWhenNumberOfInputLinesIsNotAMultipleOf4" classname="OpticalCharacterReaderTest" time="0.0"/>
  <system-out><![CDATA[This is list size: 12
This is colo: 3
This is row: 3
This is list size: 4
This is colo: 1
This is row: 1
This is list size: 4
This is colo: 9
This is row: 1
This is list size: 4
This is colo: 1
This is row: 1
This is list size: 4
This is colo: 1
This is row: 1
This is list size: 4
This is colo: 1
This is row: 1
This is list size: 4
This is colo: 1
This is row: 1
This is list size: 4
This is colo: 1
This is row: 1
This is list size: 4
This is colo: 1
This is row: 1
This is list size: 4
This is colo: 1
This is row: 1
This is list size: 4
This is colo: 1
This is row: 1
This is list size: 4
This is colo: 1
This is row: 1
This is list size: 4
This is colo: 1
This is row: 1
This is list size: 4
This is colo: 9
This is row: 1
This is list size: 4
This is colo: 10
This is row: 1
]]></system-out>
  <system-err><![CDATA[]]></system-err>
</testsuite>
